SF:lib\features\product\models\modifier.dart
DA:11,1
DA:13,0
DA:15,0
DA:16,0
DA:17,0
DA:18,0
DA:19,0
DA:20,0
DA:21,0
DA:26,0
DA:35,3
DA:37,1
DA:38,2
DA:39,2
DA:40,2
DA:43,2
DA:45,3
DA:46,4
DA:49,1
DA:52,0
DA:53,0
DA:54,0
DA:57,0
DA:58,0
DA:61,0
DA:62,0
DA:65,1
DA:66,7
DA:68,0
DA:69,0
DA:70,0
DA:71,0
DA:73,0
DA:75,0
DA:76,0
DA:81,0
DA:83,0
LF:37
LH:12
end_of_record
SF:lib\features\product\models\modifier_info.dart
DA:2,1
DA:8,0
DA:9,0
DA:10,0
DA:11,0
DA:12,0
DA:19,1
DA:24,1
DA:25,1
DA:26,1
DA:27,1
DA:28,1
DA:32,0
DA:34,0
LF:14
LH:7
end_of_record
SF:lib\features\product\models\modifiers\simple_modifier.dart
DA:8,0
DA:10,1
DA:13,0
DA:14,0
DA:15,0
DA:16,0
DA:17,0
DA:25,1
DA:27,0
DA:28,0
DA:29,0
DA:36,0
DA:37,0
DA:39,1
DA:40,3
LF:15
LH:4
end_of_record
SF:lib\features\product\models\category.dart
DA:4,0
DA:6,0
DA:9,0
DA:10,0
DA:11,0
DA:22,0
DA:24,0
LF:7
LH:0
end_of_record
SF:lib\features\product\models\modifiers\modifier_with_category.dart
DA:6,0
DA:8,0
DA:9,0
DA:10,0
DA:11,0
LF:5
LH:0
end_of_record
SF:lib\features\product\models\modifiers\modifier_with_products.dart
DA:6,0
DA:8,0
DA:9,0
DA:10,0
DA:11,0
DA:12,0
LF:6
LH:0
end_of_record
SF:lib\features\product\models\product_with_discount.dart
DA:6,0
DA:9,0
DA:11,0
DA:12,0
DA:13,0
DA:23,0
DA:24,0
DA:26,0
DA:27,0
DA:29,0
DA:30,0
LF:11
LH:0
end_of_record
SF:lib\features\product\models\product.dart
DA:6,0
DA:17,0
DA:20,0
DA:21,0
DA:22,0
DA:23,0
DA:24,0
DA:25,0
DA:26,0
DA:28,0
DA:29,0
DA:30,0
DA:31,0
DA:32,0
DA:33,0
DA:51,0
DA:52,0
DA:53,0
DA:54,0
DA:56,0
DA:58,0
DA:61,0
DA:62,0
DA:63,0
DA:64,0
DA:65,0
DA:66,0
DA:67,0
DA:68,0
DA:69,0
DA:70,0
LF:31
LH:0
end_of_record
